<?xml version="1.0" encoding="UTF-8"?>
<!-- Generated by org.testng.reporters.JUnitReportReporter -->
<testsuite hostname="sanjay" failures="0" tests="5" name="a_f_testsuite.Anniversary_Flowers_Suite" time="244.230" errors="0" timestamp="15 Jun 2019 15:16:35 GMT" skipped="0">
  <testcase classname="a_f_testsuite.Anniversary_Flowers_Suite" name="FNP_Anniversary_flow_002" time="32.095"/>
  <testcase classname="a_f_testsuite.Anniversary_Flowers_Suite" name="FNP_Anniversary_flow_003" time="43.071"/>
  <testcase classname="a_f_testsuite.Anniversary_Flowers_Suite" name="FNP_Anniversary_flow_004" time="50.468"/>
  <testcase classname="a_f_testsuite.Anniversary_Flowers_Suite" name="FNP_Anniversary_flow_005" time="46.273"/>
  <testcase classname="a_f_testsuite.Anniversary_Flowers_Suite" name="FNP_Anniversary_flow_006" time="72.323"/>
</testsuite> <!-- a_f_testsuite.Anniversary_Flowers_Suite -->
