<?xml version="1.0" encoding="UTF-8"?>
<!-- Generated by org.testng.reporters.JUnitReportReporter -->
<testsuite hostname="sanjay" failures="0" tests="1" name="a_f_testsuite.trial" time="46.944" errors="0" timestamp="16 Jun 2019 18:17:19 GMT" skipped="0">
  <testcase classname="a_f_testsuite.trial" name="FNP_Anniversary_flow_006" time="46.944"/>
</testsuite> <!-- a_f_testsuite.trial -->
